<?xml version="1.0" encoding="UTF-8"?>
<testsuites name="Test Suite Chrome" time="47.349" tests="2" failures="1" errors="0">
   <testsuite name="Test Suite Chrome" tests="2" failures="1" errors="0" time="47.349" timestamp="2020-05-08 21:03:33" hostname="tyler.diaz - DESKTOP-KJ1LQ8U" id="Test Suites/Test Suite Chrome">
      <properties>
         <property name="deviceName" value=""/>
         <property name="devicePlatform" value=""/>
         <property name="logFolder" value="C:\\Users\\tyler.diaz\\Desktop\\FirstExample\\Reports\\20200508_210331\\Test Suite Chrome\\20200508_210331"/>
         <property name="logFiles" value="C:\\Users\\tyler.diaz\\Desktop\\FirstExample\\Reports\\20200508_210331\\Test Suite Chrome\\20200508_210331\\execution0.log"/>
         <property name="attachments" value="C:\\Users\\tyler.diaz\\Desktop\\FirstExample\\Reports\\20200508_210331\\Test Suite Chrome\\20200508_210331\\1588986259853.png"/>
         <property name="hostName" value="tyler.diaz - DESKTOP-KJ1LQ8U"/>
         <property name="os" value="Windows 10 64bit"/>
         <property name="katalonVersion" value="7.4.0.1"/>
         <property name="browser" value="Chrome 81.0.4044.138"/>
         <property name="hostAddress" value="192.168.56.1"/>
         <property name="sessionId" value="5d96635596091148f3e4ce6c77611ffe"/>
         <property name="seleniumVersion" value="3.141.59"/>
         <property name="proxyInformation" value="ProxyInformation{proxyOption=NO_PROXY, proxyServerType=HTTP, password=, proxyServerAddress=, proxyServerPort=0, executionList=}"/>
         <property name="platform" value="Windows 10"/>
      </properties>
      <testcase name="Test Cases/LoginAndSelectProducts" time="44.835" classname="Test Cases/LoginAndSelectProducts" status="PASSED">
         <system-out><![CDATA[2020-05-08 21:03:33 - [TEST_CASE][PASSED] - Test Cases/LoginAndSelectProducts: Test Cases/LoginAndSelectProducts

2020-05-08 21:03:34 - [TEST_STEP][PASSED] - Start listener action : onTestCaseStart: null

2020-05-08 21:03:34 - [TEST_STEP][PASSED] - println("
..... I am inside onTestCaseStart function"): null

2020-05-08 21:03:34 - [TEST_STEP][PASSED] - openBrowser("http://training.openspan.com/login"): Browser is opened with url: 'http://training.openspan.com/login'

2020-05-08 21:03:34 - [MESSAGE][INFO] - Starting 'Chrome' driver

2020-05-08 21:03:34 - [MESSAGE][INFO] - Action delay is set to 0 milliseconds

2020-05-08 21:03:38 - [MESSAGE][PASSED] - Browser is opened with url: 'http://training.openspan.com/login'

2020-05-08 21:03:38 - [TEST_STEP][PASSED] - entidad.OpcionComun.objetoPresente(findTestObject("Object Repository/Present Objects/1_TextoLogin")): entidad.OpcionComun.objetoPresente is PASSED

2020-05-08 21:03:39 - [MESSAGE][PASSED] - Object 'Object Repository/Present Objects/1_TextoLogin' is present

2020-05-08 21:03:39 - [MESSAGE][INFO] - La página a la que se ha accedido es correcta

2020-05-08 21:03:39 - [MESSAGE][PASSED] - entidad.OpcionComun.objetoPresente is PASSED

2020-05-08 21:03:39 - [TEST_STEP][PASSED] - entidad.OpcionComun.escribirTexto(findTestObject("Object Repository/SignIn Page/Username"), findTestData("Test Data").getValue(1, 1)): entidad.OpcionComun.escribirTexto is PASSED

2020-05-08 21:03:39 - [MESSAGE][PASSED] - Object 'Object Repository/SignIn Page/Username' is present

2020-05-08 21:03:40 - [MESSAGE][PASSED] - Text 'luisca1606' is set on object 'Object Repository/SignIn Page/Username'

2020-05-08 21:03:40 - [MESSAGE][PASSED] - entidad.OpcionComun.escribirTexto is PASSED

2020-05-08 21:03:40 - [TEST_STEP][PASSED] - entidad.OpcionComun.escribirTextoEncriptado(findTestObject("Object Repository/SignIn Page/Password"), findTestData("Test Data").getValue(2, 1)): entidad.OpcionComun.escribirTextoEncriptado is PASSED

2020-05-08 21:03:40 - [MESSAGE][PASSED] - Object 'Object Repository/SignIn Page/Password' is present

2020-05-08 21:03:41 - [MESSAGE][PASSED] - Text ****** has been set on object 'Object Repository/SignIn Page/Password'

2020-05-08 21:03:41 - [MESSAGE][PASSED] - entidad.OpcionComun.escribirTextoEncriptado is PASSED

2020-05-08 21:03:41 - [TEST_STEP][PASSED] - entidad.OpcionComun.darClick(findTestObject("Object Repository/SignIn Page/SigninBtn")): entidad.OpcionComun.darClick is PASSED

2020-05-08 21:03:41 - [MESSAGE][PASSED] - Object 'Object Repository/SignIn Page/SigninBtn' is present

2020-05-08 21:03:43 - [MESSAGE][PASSED] - Object: 'Object Repository/SignIn Page/SigninBtn' is clicked on

2020-05-08 21:03:43 - [MESSAGE][PASSED] - entidad.OpcionComun.darClick is PASSED

2020-05-08 21:03:43 - [TEST_STEP][PASSED] - entidad.OpcionComun.objetoPresente(findTestObject("Object Repository/Present Objects/2_TextoSeleccionarProductos")): entidad.OpcionComun.objetoPresente is PASSED

2020-05-08 21:03:43 - [MESSAGE][PASSED] - Object 'Object Repository/Present Objects/2_TextoSeleccionarProductos' is present

2020-05-08 21:03:43 - [MESSAGE][INFO] - La página a la que se ha accedido es correcta

2020-05-08 21:03:43 - [MESSAGE][PASSED] - entidad.OpcionComun.objetoPresente is PASSED

2020-05-08 21:03:43 - [TEST_STEP][PASSED] - entidad.OpcionComun.darClick(findTestObject("Object Repository/Select Items Page/ProductType")): entidad.OpcionComun.darClick is PASSED

2020-05-08 21:03:44 - [MESSAGE][PASSED] - Object 'Object Repository/Select Items Page/ProductType' is present

2020-05-08 21:03:44 - [MESSAGE][PASSED] - Object: 'Object Repository/Select Items Page/ProductType' is clicked on

2020-05-08 21:03:44 - [MESSAGE][PASSED] - entidad.OpcionComun.darClick is PASSED

2020-05-08 21:03:44 - [TEST_STEP][PASSED] - selectOptionByLabel(findTestObject("Object Repository/Select Items Page/ProductType"), findTestData("Test Data").getValue(3, 1), false): All options with label 'Beverages' are selected in object 'Object Repository/Select Items Page/ProductType' 

2020-05-08 21:03:45 - [MESSAGE][PASSED] - All options with label 'Beverages' are selected in object 'Object Repository/Select Items Page/ProductType' 

2020-05-08 21:03:45 - [TEST_STEP][PASSED] - entidad.OpcionComun.darClick(findTestObject("Object Repository/Select Items Page/ProductsList")): entidad.OpcionComun.darClick is PASSED

2020-05-08 21:03:45 - [MESSAGE][PASSED] - Object 'Object Repository/Select Items Page/ProductsList' is present

2020-05-08 21:03:45 - [MESSAGE][PASSED] - Object: 'Object Repository/Select Items Page/ProductsList' is clicked on

2020-05-08 21:03:45 - [MESSAGE][PASSED] - entidad.OpcionComun.darClick is PASSED

2020-05-08 21:03:45 - [TEST_STEP][PASSED] - selectOptionByLabel(findTestObject("Object Repository/Select Items Page/ProductsList"), findTestData("Test Data").getValue(4, 1), false): All options with label 'Ipoh Coffee' are selected in object 'Object Repository/Select Items Page/ProductsList' 

2020-05-08 21:03:46 - [MESSAGE][PASSED] - All options with label 'Ipoh Coffee' are selected in object 'Object Repository/Select Items Page/ProductsList' 

2020-05-08 21:03:46 - [TEST_STEP][PASSED] - entidad.OpcionComun.darClick(findTestObject("Object Repository/Select Items Page/BtnViewDetails")): entidad.OpcionComun.darClick is PASSED

2020-05-08 21:03:46 - [MESSAGE][PASSED] - Object 'Object Repository/Select Items Page/BtnViewDetails' is present

2020-05-08 21:03:47 - [MESSAGE][PASSED] - Object: 'Object Repository/Select Items Page/BtnViewDetails' is clicked on

2020-05-08 21:03:47 - [MESSAGE][PASSED] - entidad.OpcionComun.darClick is PASSED

2020-05-08 21:03:47 - [TEST_STEP][PASSED] - entidad.OpcionComun.objetoPresente(findTestObject("Object Repository/Present Objects/3_BotonOrder")): entidad.OpcionComun.objetoPresente is PASSED

2020-05-08 21:03:48 - [MESSAGE][PASSED] - Object 'Object Repository/Present Objects/3_BotonOrder' is present

2020-05-08 21:03:48 - [MESSAGE][INFO] - La página a la que se ha accedido es correcta

2020-05-08 21:03:48 - [MESSAGE][PASSED] - entidad.OpcionComun.objetoPresente is PASSED

2020-05-08 21:03:48 - [TEST_STEP][PASSED] - entidad.OpcionComun.darClick(findTestObject("Object Repository/Select Items Page/BtnOrder")): entidad.OpcionComun.darClick is PASSED

2020-05-08 21:03:48 - [MESSAGE][PASSED] - Object 'Object Repository/Select Items Page/BtnOrder' is present

2020-05-08 21:03:49 - [MESSAGE][PASSED] - Object: 'Object Repository/Select Items Page/BtnOrder' is clicked on

2020-05-08 21:03:49 - [MESSAGE][PASSED] - entidad.OpcionComun.darClick is PASSED

2020-05-08 21:03:49 - [TEST_STEP][PASSED] - entidad.OpcionComun.objetoPresente(findTestObject("Object Repository/Present Objects/4_OrderProducts")): entidad.OpcionComun.objetoPresente is PASSED

2020-05-08 21:03:49 - [MESSAGE][PASSED] - Object 'Object Repository/Present Objects/4_OrderProducts' is present

2020-05-08 21:03:49 - [MESSAGE][INFO] - La página a la que se ha accedido es correcta

2020-05-08 21:03:49 - [MESSAGE][PASSED] - entidad.OpcionComun.objetoPresente is PASSED

2020-05-08 21:03:49 - [TEST_STEP][PASSED] - entidad.OpcionComun.darClick(findTestObject("Object Repository/Select Items Page/HomeLink")): entidad.OpcionComun.darClick is PASSED

2020-05-08 21:03:50 - [MESSAGE][PASSED] - Object 'Object Repository/Select Items Page/HomeLink' is present

2020-05-08 21:03:50 - [MESSAGE][PASSED] - Object: 'Object Repository/Select Items Page/HomeLink' is clicked on

2020-05-08 21:03:50 - [MESSAGE][PASSED] - entidad.OpcionComun.darClick is PASSED

2020-05-08 21:03:50 - [TEST_STEP][PASSED] - entidad.OpcionComun.objetoPresente(findTestObject("Object Repository/Present Objects/2_TextoSeleccionarProductos")): entidad.OpcionComun.objetoPresente is PASSED

2020-05-08 21:03:51 - [MESSAGE][PASSED] - Object 'Object Repository/Present Objects/2_TextoSeleccionarProductos' is present

2020-05-08 21:03:51 - [MESSAGE][INFO] - La página a la que se ha accedido es correcta

2020-05-08 21:03:51 - [MESSAGE][PASSED] - entidad.OpcionComun.objetoPresente is PASSED

2020-05-08 21:03:51 - [TEST_STEP][PASSED] - entidad.OpcionComun.darClick(findTestObject("Object Repository/Select Items Page/ProductType")): entidad.OpcionComun.darClick is PASSED

2020-05-08 21:03:51 - [MESSAGE][PASSED] - Object 'Object Repository/Select Items Page/ProductType' is present

2020-05-08 21:03:51 - [MESSAGE][PASSED] - Object: 'Object Repository/Select Items Page/ProductType' is clicked on

2020-05-08 21:03:51 - [MESSAGE][PASSED] - entidad.OpcionComun.darClick is PASSED

2020-05-08 21:03:51 - [TEST_STEP][PASSED] - selectOptionByLabel(findTestObject("Object Repository/Select Items Page/ProductType"), findTestData("Test Data").getValue(3, 1), false): All options with label 'Beverages' are selected in object 'Object Repository/Select Items Page/ProductType' 

2020-05-08 21:03:52 - [MESSAGE][PASSED] - All options with label 'Beverages' are selected in object 'Object Repository/Select Items Page/ProductType' 

2020-05-08 21:03:52 - [TEST_STEP][PASSED] - entidad.OpcionComun.darClick(findTestObject("Object Repository/Select Items Page/ProductsList")): entidad.OpcionComun.darClick is PASSED

2020-05-08 21:03:52 - [MESSAGE][PASSED] - Object 'Object Repository/Select Items Page/ProductsList' is present

2020-05-08 21:03:53 - [MESSAGE][PASSED] - Object: 'Object Repository/Select Items Page/ProductsList' is clicked on

2020-05-08 21:03:53 - [MESSAGE][PASSED] - entidad.OpcionComun.darClick is PASSED

2020-05-08 21:03:53 - [TEST_STEP][PASSED] - selectOptionByLabel(findTestObject("Object Repository/Select Items Page/ProductsList"), findTestData("Test Data").getValue(4, 2), false): All options with label 'Outback Lager' are selected in object 'Object Repository/Select Items Page/ProductsList' 

2020-05-08 21:03:53 - [MESSAGE][PASSED] - All options with label 'Outback Lager' are selected in object 'Object Repository/Select Items Page/ProductsList' 

2020-05-08 21:03:53 - [TEST_STEP][PASSED] - entidad.OpcionComun.darClick(findTestObject("Object Repository/Select Items Page/BtnViewDetails")): entidad.OpcionComun.darClick is PASSED

2020-05-08 21:03:54 - [MESSAGE][PASSED] - Object 'Object Repository/Select Items Page/BtnViewDetails' is present

2020-05-08 21:03:55 - [MESSAGE][PASSED] - Object: 'Object Repository/Select Items Page/BtnViewDetails' is clicked on

2020-05-08 21:03:55 - [MESSAGE][PASSED] - entidad.OpcionComun.darClick is PASSED

2020-05-08 21:03:55 - [TEST_STEP][PASSED] - entidad.OpcionComun.objetoPresente(findTestObject("Object Repository/Present Objects/3_BotonOrder")): entidad.OpcionComun.objetoPresente is PASSED

2020-05-08 21:03:55 - [MESSAGE][PASSED] - Object 'Object Repository/Present Objects/3_BotonOrder' is present

2020-05-08 21:03:55 - [MESSAGE][INFO] - La página a la que se ha accedido es correcta

2020-05-08 21:03:55 - [MESSAGE][PASSED] - entidad.OpcionComun.objetoPresente is PASSED

2020-05-08 21:03:55 - [TEST_STEP][PASSED] - entidad.OpcionComun.darClick(findTestObject("Object Repository/Select Items Page/BtnOrder")): entidad.OpcionComun.darClick is PASSED

2020-05-08 21:03:55 - [MESSAGE][PASSED] - Object 'Object Repository/Select Items Page/BtnOrder' is present

2020-05-08 21:03:57 - [MESSAGE][PASSED] - Object: 'Object Repository/Select Items Page/BtnOrder' is clicked on

2020-05-08 21:03:57 - [MESSAGE][PASSED] - entidad.OpcionComun.darClick is PASSED

2020-05-08 21:03:57 - [TEST_STEP][PASSED] - entidad.OpcionComun.objetoPresente(findTestObject("Object Repository/Present Objects/4_OrderProducts")): entidad.OpcionComun.objetoPresente is PASSED

2020-05-08 21:03:57 - [MESSAGE][PASSED] - Object 'Object Repository/Present Objects/4_OrderProducts' is present

2020-05-08 21:03:57 - [MESSAGE][INFO] - La página a la que se ha accedido es correcta

2020-05-08 21:03:57 - [MESSAGE][PASSED] - entidad.OpcionComun.objetoPresente is PASSED

2020-05-08 21:03:57 - [TEST_STEP][PASSED] - entidad.OpcionComun.darClick(findTestObject("Object Repository/Select Items Page/HomeLink")): entidad.OpcionComun.darClick is PASSED

2020-05-08 21:03:57 - [MESSAGE][PASSED] - Object 'Object Repository/Select Items Page/HomeLink' is present

2020-05-08 21:03:58 - [MESSAGE][PASSED] - Object: 'Object Repository/Select Items Page/HomeLink' is clicked on

2020-05-08 21:03:58 - [MESSAGE][PASSED] - entidad.OpcionComun.darClick is PASSED

2020-05-08 21:03:58 - [TEST_STEP][PASSED] - entidad.OpcionComun.objetoPresente(findTestObject("Object Repository/Present Objects/2_TextoSeleccionarProductos")): entidad.OpcionComun.objetoPresente is PASSED

2020-05-08 21:03:59 - [MESSAGE][PASSED] - Object 'Object Repository/Present Objects/2_TextoSeleccionarProductos' is present

2020-05-08 21:03:59 - [MESSAGE][INFO] - La página a la que se ha accedido es correcta

2020-05-08 21:03:59 - [MESSAGE][PASSED] - entidad.OpcionComun.objetoPresente is PASSED

2020-05-08 21:03:59 - [TEST_STEP][PASSED] - entidad.OpcionComun.darClick(findTestObject("Object Repository/Select Items Page/ProductType")): entidad.OpcionComun.darClick is PASSED

2020-05-08 21:03:59 - [MESSAGE][PASSED] - Object 'Object Repository/Select Items Page/ProductType' is present

2020-05-08 21:03:59 - [MESSAGE][PASSED] - Object: 'Object Repository/Select Items Page/ProductType' is clicked on

2020-05-08 21:03:59 - [MESSAGE][PASSED] - entidad.OpcionComun.darClick is PASSED

2020-05-08 21:03:59 - [TEST_STEP][PASSED] - selectOptionByLabel(findTestObject("Object Repository/Select Items Page/ProductType"), findTestData("Test Data").getValue(3, 1), false): All options with label 'Beverages' are selected in object 'Object Repository/Select Items Page/ProductType' 

2020-05-08 21:04:00 - [MESSAGE][PASSED] - All options with label 'Beverages' are selected in object 'Object Repository/Select Items Page/ProductType' 

2020-05-08 21:04:00 - [TEST_STEP][PASSED] - entidad.OpcionComun.darClick(findTestObject("Object Repository/Select Items Page/ProductsList")): entidad.OpcionComun.darClick is PASSED

2020-05-08 21:04:00 - [MESSAGE][PASSED] - Object 'Object Repository/Select Items Page/ProductsList' is present

2020-05-08 21:04:00 - [MESSAGE][PASSED] - Object: 'Object Repository/Select Items Page/ProductsList' is clicked on

2020-05-08 21:04:00 - [MESSAGE][PASSED] - entidad.OpcionComun.darClick is PASSED

2020-05-08 21:04:00 - [TEST_STEP][PASSED] - selectOptionByLabel(findTestObject("Object Repository/Select Items Page/ProductsList"), findTestData("Test Data").getValue(4, 3), false): All options with label 'Chai' are selected in object 'Object Repository/Select Items Page/ProductsList' 

2020-05-08 21:04:01 - [MESSAGE][PASSED] - All options with label 'Chai' are selected in object 'Object Repository/Select Items Page/ProductsList' 

2020-05-08 21:04:01 - [TEST_STEP][PASSED] - entidad.OpcionComun.darClick(findTestObject("Object Repository/Select Items Page/BtnViewDetails")): entidad.OpcionComun.darClick is PASSED

2020-05-08 21:04:02 - [MESSAGE][PASSED] - Object 'Object Repository/Select Items Page/BtnViewDetails' is present

2020-05-08 21:04:03 - [MESSAGE][PASSED] - Object: 'Object Repository/Select Items Page/BtnViewDetails' is clicked on

2020-05-08 21:04:03 - [MESSAGE][PASSED] - entidad.OpcionComun.darClick is PASSED

2020-05-08 21:04:03 - [TEST_STEP][PASSED] - entidad.OpcionComun.objetoPresente(findTestObject("Object Repository/Present Objects/3_BotonOrder")): entidad.OpcionComun.objetoPresente is PASSED

2020-05-08 21:04:03 - [MESSAGE][PASSED] - Object 'Object Repository/Present Objects/3_BotonOrder' is present

2020-05-08 21:04:03 - [MESSAGE][INFO] - La página a la que se ha accedido es correcta

2020-05-08 21:04:03 - [MESSAGE][PASSED] - entidad.OpcionComun.objetoPresente is PASSED

2020-05-08 21:04:03 - [TEST_STEP][PASSED] - entidad.OpcionComun.darClick(findTestObject("Object Repository/Select Items Page/BtnOrder")): entidad.OpcionComun.darClick is PASSED

2020-05-08 21:04:03 - [MESSAGE][PASSED] - Object 'Object Repository/Select Items Page/BtnOrder' is present

2020-05-08 21:04:04 - [MESSAGE][PASSED] - Object: 'Object Repository/Select Items Page/BtnOrder' is clicked on

2020-05-08 21:04:04 - [MESSAGE][PASSED] - entidad.OpcionComun.darClick is PASSED

2020-05-08 21:04:04 - [TEST_STEP][PASSED] - entidad.OpcionComun.objetoPresente(findTestObject("Object Repository/Present Objects/4_OrderProducts")): entidad.OpcionComun.objetoPresente is PASSED

2020-05-08 21:04:05 - [MESSAGE][PASSED] - Object 'Object Repository/Present Objects/4_OrderProducts' is present

2020-05-08 21:04:05 - [MESSAGE][INFO] - La página a la que se ha accedido es correcta

2020-05-08 21:04:05 - [MESSAGE][PASSED] - entidad.OpcionComun.objetoPresente is PASSED

2020-05-08 21:04:05 - [TEST_STEP][PASSED] - entidad.OpcionComun.darClick(findTestObject("Object Repository/Select Items Page/HomeLink")): entidad.OpcionComun.darClick is PASSED

2020-05-08 21:04:05 - [MESSAGE][PASSED] - Object 'Object Repository/Select Items Page/HomeLink' is present

2020-05-08 21:04:06 - [MESSAGE][PASSED] - Object: 'Object Repository/Select Items Page/HomeLink' is clicked on

2020-05-08 21:04:06 - [MESSAGE][PASSED] - entidad.OpcionComun.darClick is PASSED

2020-05-08 21:04:06 - [TEST_STEP][PASSED] - entidad.OpcionComun.objetoPresente(findTestObject("Object Repository/Present Objects/2_TextoSeleccionarProductos")): entidad.OpcionComun.objetoPresente is PASSED

2020-05-08 21:04:06 - [MESSAGE][PASSED] - Object 'Object Repository/Present Objects/2_TextoSeleccionarProductos' is present

2020-05-08 21:04:06 - [MESSAGE][INFO] - La página a la que se ha accedido es correcta

2020-05-08 21:04:06 - [MESSAGE][PASSED] - entidad.OpcionComun.objetoPresente is PASSED

2020-05-08 21:04:06 - [TEST_STEP][PASSED] - entidad.OpcionComun.darClick(findTestObject("Object Repository/Select Items Page/ProductType")): entidad.OpcionComun.darClick is PASSED

2020-05-08 21:04:06 - [MESSAGE][PASSED] - Object 'Object Repository/Select Items Page/ProductType' is present

2020-05-08 21:04:07 - [MESSAGE][PASSED] - Object: 'Object Repository/Select Items Page/ProductType' is clicked on

2020-05-08 21:04:07 - [MESSAGE][PASSED] - entidad.OpcionComun.darClick is PASSED

2020-05-08 21:04:07 - [TEST_STEP][PASSED] - selectOptionByLabel(findTestObject("Object Repository/Select Items Page/ProductType"), findTestData("Test Data").getValue(3, 2), false): All options with label 'Seasonings' are selected in object 'Object Repository/Select Items Page/ProductType' 

2020-05-08 21:04:07 - [MESSAGE][PASSED] - All options with label 'Seasonings' are selected in object 'Object Repository/Select Items Page/ProductType' 

2020-05-08 21:04:07 - [TEST_STEP][PASSED] - entidad.OpcionComun.darClick(findTestObject("Object Repository/Select Items Page/ProductsList")): entidad.OpcionComun.darClick is PASSED

2020-05-08 21:04:08 - [MESSAGE][PASSED] - Object 'Object Repository/Select Items Page/ProductsList' is present

2020-05-08 21:04:08 - [MESSAGE][PASSED] - Object: 'Object Repository/Select Items Page/ProductsList' is clicked on

2020-05-08 21:04:08 - [MESSAGE][PASSED] - entidad.OpcionComun.darClick is PASSED

2020-05-08 21:04:08 - [TEST_STEP][PASSED] - selectOptionByLabel(findTestObject("Object Repository/Select Items Page/ProductsList"), findTestData("Test Data").getValue(4, 4), false): All options with label 'Genen Shouyu' are selected in object 'Object Repository/Select Items Page/ProductsList' 

2020-05-08 21:04:08 - [MESSAGE][PASSED] - All options with label 'Genen Shouyu' are selected in object 'Object Repository/Select Items Page/ProductsList' 

2020-05-08 21:04:08 - [TEST_STEP][PASSED] - entidad.OpcionComun.darClick(findTestObject("Object Repository/Select Items Page/BtnViewDetails")): entidad.OpcionComun.darClick is PASSED

2020-05-08 21:04:09 - [MESSAGE][PASSED] - Object 'Object Repository/Select Items Page/BtnViewDetails' is present

2020-05-08 21:04:10 - [MESSAGE][PASSED] - Object: 'Object Repository/Select Items Page/BtnViewDetails' is clicked on

2020-05-08 21:04:10 - [MESSAGE][PASSED] - entidad.OpcionComun.darClick is PASSED

2020-05-08 21:04:10 - [TEST_STEP][PASSED] - entidad.OpcionComun.objetoPresente(findTestObject("Object Repository/Present Objects/3_BotonOrder")): entidad.OpcionComun.objetoPresente is PASSED

2020-05-08 21:04:10 - [MESSAGE][PASSED] - Object 'Object Repository/Present Objects/3_BotonOrder' is present

2020-05-08 21:04:10 - [MESSAGE][INFO] - La página a la que se ha accedido es correcta

2020-05-08 21:04:10 - [MESSAGE][PASSED] - entidad.OpcionComun.objetoPresente is PASSED

2020-05-08 21:04:10 - [TEST_STEP][PASSED] - entidad.OpcionComun.darClick(findTestObject("Object Repository/Select Items Page/BtnOrder")): entidad.OpcionComun.darClick is PASSED

2020-05-08 21:04:10 - [MESSAGE][PASSED] - Object 'Object Repository/Select Items Page/BtnOrder' is present

2020-05-08 21:04:11 - [MESSAGE][PASSED] - Object: 'Object Repository/Select Items Page/BtnOrder' is clicked on

2020-05-08 21:04:11 - [MESSAGE][PASSED] - entidad.OpcionComun.darClick is PASSED

2020-05-08 21:04:11 - [TEST_STEP][PASSED] - entidad.OpcionComun.objetoPresente(findTestObject("Object Repository/Present Objects/4_OrderProducts")): entidad.OpcionComun.objetoPresente is PASSED

2020-05-08 21:04:12 - [MESSAGE][PASSED] - Object 'Object Repository/Present Objects/4_OrderProducts' is present

2020-05-08 21:04:12 - [MESSAGE][INFO] - La página a la que se ha accedido es correcta

2020-05-08 21:04:12 - [MESSAGE][PASSED] - entidad.OpcionComun.objetoPresente is PASSED

2020-05-08 21:04:12 - [TEST_STEP][PASSED] - entidad.OpcionComun.darClick(findTestObject("Object Repository/Select Items Page/HomeLink")): entidad.OpcionComun.darClick is PASSED

2020-05-08 21:04:12 - [MESSAGE][PASSED] - Object 'Object Repository/Select Items Page/HomeLink' is present

2020-05-08 21:04:12 - [MESSAGE][PASSED] - Object: 'Object Repository/Select Items Page/HomeLink' is clicked on

2020-05-08 21:04:12 - [MESSAGE][PASSED] - entidad.OpcionComun.darClick is PASSED

2020-05-08 21:04:12 - [TEST_STEP][PASSED] - entidad.OpcionComun.objetoPresente(findTestObject("Object Repository/Present Objects/2_TextoSeleccionarProductos")): entidad.OpcionComun.objetoPresente is PASSED

2020-05-08 21:04:13 - [MESSAGE][PASSED] - Object 'Object Repository/Present Objects/2_TextoSeleccionarProductos' is present

2020-05-08 21:04:13 - [MESSAGE][INFO] - La página a la que se ha accedido es correcta

2020-05-08 21:04:13 - [MESSAGE][PASSED] - entidad.OpcionComun.objetoPresente is PASSED

2020-05-08 21:04:13 - [TEST_STEP][PASSED] - entidad.OpcionComun.darClick(findTestObject("Object Repository/Select Items Page/ProductType")): entidad.OpcionComun.darClick is PASSED

2020-05-08 21:04:13 - [MESSAGE][PASSED] - Object 'Object Repository/Select Items Page/ProductType' is present

2020-05-08 21:04:13 - [MESSAGE][PASSED] - Object: 'Object Repository/Select Items Page/ProductType' is clicked on

2020-05-08 21:04:13 - [MESSAGE][PASSED] - entidad.OpcionComun.darClick is PASSED

2020-05-08 21:04:13 - [TEST_STEP][PASSED] - selectOptionByLabel(findTestObject("Object Repository/Select Items Page/ProductType"), findTestData("Test Data").getValue(3, 2), false): All options with label 'Seasonings' are selected in object 'Object Repository/Select Items Page/ProductType' 

2020-05-08 21:04:14 - [MESSAGE][PASSED] - All options with label 'Seasonings' are selected in object 'Object Repository/Select Items Page/ProductType' 

2020-05-08 21:04:14 - [TEST_STEP][PASSED] - entidad.OpcionComun.darClick(findTestObject("Object Repository/Select Items Page/ProductsList")): entidad.OpcionComun.darClick is PASSED

2020-05-08 21:04:14 - [MESSAGE][PASSED] - Object 'Object Repository/Select Items Page/ProductsList' is present

2020-05-08 21:04:15 - [MESSAGE][PASSED] - Object: 'Object Repository/Select Items Page/ProductsList' is clicked on

2020-05-08 21:04:15 - [MESSAGE][PASSED] - entidad.OpcionComun.darClick is PASSED

2020-05-08 21:04:15 - [TEST_STEP][PASSED] - entidad.OpcionComun.elegirElemento(findTestObject("Object Repository/Select Items Page/ProductsList"), findTestData("Test Data").getValue(4, 5), false): entidad.OpcionComun.elegirElemento is PASSED

2020-05-08 21:04:15 - [MESSAGE][PASSED] - All options with label 'Gula Malacca' are selected in object 'Object Repository/Select Items Page/ProductsList' 

2020-05-08 21:04:15 - [MESSAGE][PASSED] - entidad.OpcionComun.elegirElemento is PASSED

2020-05-08 21:04:15 - [TEST_STEP][PASSED] - entidad.OpcionComun.darClick(findTestObject("Object Repository/Select Items Page/BtnViewDetails")): entidad.OpcionComun.darClick is PASSED

2020-05-08 21:04:16 - [MESSAGE][PASSED] - Object 'Object Repository/Select Items Page/BtnViewDetails' is present

2020-05-08 21:04:17 - [MESSAGE][PASSED] - Object: 'Object Repository/Select Items Page/BtnViewDetails' is clicked on

2020-05-08 21:04:17 - [MESSAGE][PASSED] - entidad.OpcionComun.darClick is PASSED

2020-05-08 21:04:17 - [TEST_STEP][PASSED] - entidad.OpcionComun.objetoPresente(findTestObject("Object Repository/Present Objects/3_BotonOrder")): entidad.OpcionComun.objetoPresente is PASSED

2020-05-08 21:04:17 - [MESSAGE][PASSED] - Object 'Object Repository/Present Objects/3_BotonOrder' is present

2020-05-08 21:04:17 - [MESSAGE][INFO] - La página a la que se ha accedido es correcta

2020-05-08 21:04:17 - [MESSAGE][PASSED] - entidad.OpcionComun.objetoPresente is PASSED

2020-05-08 21:04:17 - [TEST_STEP][PASSED] - entidad.OpcionComun.darClick(findTestObject("Object Repository/Select Items Page/BtnOrder")): entidad.OpcionComun.darClick is PASSED

2020-05-08 21:04:17 - [MESSAGE][PASSED] - Object 'Object Repository/Select Items Page/BtnOrder' is present

2020-05-08 21:04:18 - [MESSAGE][PASSED] - Object: 'Object Repository/Select Items Page/BtnOrder' is clicked on

2020-05-08 21:04:18 - [MESSAGE][PASSED] - entidad.OpcionComun.darClick is PASSED

2020-05-08 21:04:18 - [TEST_STEP][PASSED] - Start listener action : sampleAfterTestCase: null

2020-05-08 21:04:18 - [TEST_STEP][PASSED] - println("
..... I am inside sampleAfterTestCase function"): null]]></system-out>
         <system-err><![CDATA[]]></system-err>
      </testcase>
      <testcase name="Test Cases/Purchase" time="1.386" classname="Test Cases/Purchase" status="FAILED">
         <failure type="FAILED" message="Test Cases/Purchase FAILED.
Reason:
com.kms.katalon.core.exception.StepFailedException: Cannot take screenshot
	at com.kms.katalon.core.webui.keyword.internal.WebUIKeywordMain.stepFailed(WebUIKeywordMain.groovy:64)
	at com.kms.katalon.core.webui.keyword.internal.WebUIKeywordMain.runKeyword(WebUIKeywordMain.groovy:26)
	at com.kms.katalon.core.webui.keyword.builtin.TakeScreenshotKeyword.takeScreenshot(TakeScreenshotKeyword.groovy:88)
	at com.kms.katalon.core.webui.keyword.builtin.TakeScreenshotKeyword.execute(TakeScreenshotKeyword.groovy:71)
	at com.kms.katalon.core.keyword.internal.KeywordExecutor.executeKeywordForPlatform(KeywordExecutor.groovy:72)
	at com.kms.katalon.core.webui.keyword.WebUiBuiltInKeywords.takeScreenshot(WebUiBuiltInKeywords.groovy:2907)
	at com.kms.katalon.core.webui.keyword.WebUiBuiltInKeywords$takeScreenshot$5.call(Unknown Source)
	at Purchase.run(Purchase:17)
	at com.kms.katalon.core.main.ScriptEngine.run(ScriptEngine.java:194)
	at com.kms.katalon.core.main.ScriptEngine.runScriptAsRawText(ScriptEngine.java:119)
	at com.kms.katalon.core.main.TestCaseExecutor.runScript(TestCaseExecutor.java:337)
	at com.kms.katalon.core.main.TestCaseExecutor.doExecute(TestCaseExecutor.java:328)
	at com.kms.katalon.core.main.TestCaseExecutor.processExecutionPhase(TestCaseExecutor.java:307)
	at com.kms.katalon.core.main.TestCaseExecutor.accessMainPhase(TestCaseExecutor.java:299)
	at com.kms.katalon.core.main.TestCaseExecutor.execute(TestCaseExecutor.java:233)
	at com.kms.katalon.core.main.TestSuiteExecutor.accessTestCaseMainPhase(TestSuiteExecutor.java:169)
	at com.kms.katalon.core.main.TestSuiteExecutor.accessTestSuiteMainPhase(TestSuiteExecutor.java:142)
	at com.kms.katalon.core.main.TestSuiteExecutor.execute(TestSuiteExecutor.java:91)
	at com.kms.katalon.core.main.TestCaseMain.startTestSuite(TestCaseMain.java:157)
	at com.kms.katalon.core.main.TestCaseMain$startTestSuite$0.call(Unknown Source)
	at TempTestSuite1588986211488.run(TempTestSuite1588986211488.groovy:37)
Caused by: java.io.IOException: Destination 'C:\Users\admin\Downloads\KatalonProjectScreenshots' directory cannot be created
	at org.apache.commons.io.FileUtils.copyFile(FileUtils.java:1085)
	at com.kms.katalon.core.webui.util.FileUtil.takesScreenshot(FileUtil.java:31)
	at com.kms.katalon.core.webui.keyword.builtin.TakeScreenshotKeyword$_takeScreenshot_closure1.doCall(TakeScreenshotKeyword.groovy:89)
	at com.kms.katalon.core.webui.keyword.builtin.TakeScreenshotKeyword$_takeScreenshot_closure1.call(TakeScreenshotKeyword.groovy)
	at com.kms.katalon.core.webui.keyword.internal.WebUIKeywordMain.runKeyword(WebUIKeywordMain.groovy:20)
	... 19 more
"/>
         <system-out><![CDATA[2020-05-08 21:04:18 - [TEST_CASE][FAILED] - Test Cases/Purchase: Test Cases/Purchase FAILED.
Reason:
com.kms.katalon.core.exception.StepFailedException: Cannot take screenshot
	at com.kms.katalon.core.webui.keyword.internal.WebUIKeywordMain.stepFailed(WebUIKeywordMain.groovy:64)
	at com.kms.katalon.core.webui.keyword.internal.WebUIKeywordMain.runKeyword(WebUIKeywordMain.groovy:26)
	at com.kms.katalon.core.webui.keyword.builtin.TakeScreenshotKeyword.takeScreenshot(TakeScreenshotKeyword.groovy:88)
	at com.kms.katalon.core.webui.keyword.builtin.TakeScreenshotKeyword.execute(TakeScreenshotKeyword.groovy:71)
	at com.kms.katalon.core.keyword.internal.KeywordExecutor.executeKeywordForPlatform(KeywordExecutor.groovy:72)
	at com.kms.katalon.core.webui.keyword.WebUiBuiltInKeywords.takeScreenshot(WebUiBuiltInKeywords.groovy:2907)
	at com.kms.katalon.core.webui.keyword.WebUiBuiltInKeywords$takeScreenshot$5.call(Unknown Source)
	at Purchase.run(Purchase:17)
	at com.kms.katalon.core.main.ScriptEngine.run(ScriptEngine.java:194)
	at com.kms.katalon.core.main.ScriptEngine.runScriptAsRawText(ScriptEngine.java:119)
	at com.kms.katalon.core.main.TestCaseExecutor.runScript(TestCaseExecutor.java:337)
	at com.kms.katalon.core.main.TestCaseExecutor.doExecute(TestCaseExecutor.java:328)
	at com.kms.katalon.core.main.TestCaseExecutor.processExecutionPhase(TestCaseExecutor.java:307)
	at com.kms.katalon.core.main.TestCaseExecutor.accessMainPhase(TestCaseExecutor.java:299)
	at com.kms.katalon.core.main.TestCaseExecutor.execute(TestCaseExecutor.java:233)
	at com.kms.katalon.core.main.TestSuiteExecutor.accessTestCaseMainPhase(TestSuiteExecutor.java:169)
	at com.kms.katalon.core.main.TestSuiteExecutor.accessTestSuiteMainPhase(TestSuiteExecutor.java:142)
	at com.kms.katalon.core.main.TestSuiteExecutor.execute(TestSuiteExecutor.java:91)
	at com.kms.katalon.core.main.TestCaseMain.startTestSuite(TestCaseMain.java:157)
	at com.kms.katalon.core.main.TestCaseMain$startTestSuite$0.call(Unknown Source)
	at TempTestSuite1588986211488.run(TempTestSuite1588986211488.groovy:37)
Caused by: java.io.IOException: Destination 'C:\Users\admin\Downloads\KatalonProjectScreenshots' directory cannot be created
	at org.apache.commons.io.FileUtils.copyFile(FileUtils.java:1085)
	at com.kms.katalon.core.webui.util.FileUtil.takesScreenshot(FileUtil.java:31)
	at com.kms.katalon.core.webui.keyword.builtin.TakeScreenshotKeyword$_takeScreenshot_closure1.doCall(TakeScreenshotKeyword.groovy:89)
	at com.kms.katalon.core.webui.keyword.builtin.TakeScreenshotKeyword$_takeScreenshot_closure1.call(TakeScreenshotKeyword.groovy)
	at com.kms.katalon.core.webui.keyword.internal.WebUIKeywordMain.runKeyword(WebUIKeywordMain.groovy:20)
	... 19 more


2020-05-08 21:04:18 - [TEST_STEP][PASSED] - Start listener action : onTestCaseStart: null

2020-05-08 21:04:18 - [TEST_STEP][PASSED] - println("
..... I am inside onTestCaseStart function"): null

2020-05-08 21:04:18 - [TEST_STEP][PASSED] - entidad.OpcionComun.objetoPresente(findTestObject("Object Repository/Present Objects/4_OrderProducts")): entidad.OpcionComun.objetoPresente is PASSED

2020-05-08 21:04:19 - [MESSAGE][PASSED] - Object 'Object Repository/Present Objects/4_OrderProducts' is present

2020-05-08 21:04:19 - [MESSAGE][INFO] - La página a la que se ha accedido es correcta

2020-05-08 21:04:19 - [MESSAGE][PASSED] - entidad.OpcionComun.objetoPresente is PASSED

2020-05-08 21:04:19 - [TEST_STEP][FAILED] - takeScreenshot("C:\Users\admin\Downloads\KatalonProjectScreenshots\5_OrderDetailPage.png"): Cannot take screenshot (Root cause: com.kms.katalon.core.exception.StepFailedException: Cannot take screenshot
	at com.kms.katalon.core.webui.keyword.internal.WebUIKeywordMain.stepFailed(WebUIKeywordMain.groovy:64)
	at com.kms.katalon.core.webui.keyword.internal.WebUIKeywordMain.runKeyword(WebUIKeywordMain.groovy:26)
	at com.kms.katalon.core.webui.keyword.builtin.TakeScreenshotKeyword.takeScreenshot(TakeScreenshotKeyword.groovy:88)
	at com.kms.katalon.core.webui.keyword.builtin.TakeScreenshotKeyword.execute(TakeScreenshotKeyword.groovy:71)
	at com.kms.katalon.core.keyword.internal.KeywordExecutor.executeKeywordForPlatform(KeywordExecutor.groovy:72)
	at com.kms.katalon.core.webui.keyword.WebUiBuiltInKeywords.takeScreenshot(WebUiBuiltInKeywords.groovy:2907)
	at com.kms.katalon.core.webui.keyword.WebUiBuiltInKeywords$takeScreenshot$5.call(Unknown Source)
	at Purchase.run(Purchase:17)
	at com.kms.katalon.core.main.ScriptEngine.run(ScriptEngine.java:194)
	at com.kms.katalon.core.main.ScriptEngine.runScriptAsRawText(ScriptEngine.java:119)
	at com.kms.katalon.core.main.TestCaseExecutor.runScript(TestCaseExecutor.java:337)
	at com.kms.katalon.core.main.TestCaseExecutor.doExecute(TestCaseExecutor.java:328)
	at com.kms.katalon.core.main.TestCaseExecutor.processExecutionPhase(TestCaseExecutor.java:307)
	at com.kms.katalon.core.main.TestCaseExecutor.accessMainPhase(TestCaseExecutor.java:299)
	at com.kms.katalon.core.main.TestCaseExecutor.execute(TestCaseExecutor.java:233)
	at com.kms.katalon.core.main.TestSuiteExecutor.accessTestCaseMainPhase(TestSuiteExecutor.java:169)
	at com.kms.katalon.core.main.TestSuiteExecutor.accessTestSuiteMainPhase(TestSuiteExecutor.java:142)
	at com.kms.katalon.core.main.TestSuiteExecutor.execute(TestSuiteExecutor.java:91)
	at com.kms.katalon.core.main.TestCaseMain.startTestSuite(TestCaseMain.java:157)
	at com.kms.katalon.core.main.TestCaseMain$startTestSuite$0.call(Unknown Source)
	at TempTestSuite1588986211488.run(TempTestSuite1588986211488.groovy:37)
Caused by: java.io.IOException: Destination 'C:\Users\admin\Downloads\KatalonProjectScreenshots' directory cannot be created
	at org.apache.commons.io.FileUtils.copyFile(FileUtils.java:1085)
	at com.kms.katalon.core.webui.util.FileUtil.takesScreenshot(FileUtil.java:31)
	at com.kms.katalon.core.webui.keyword.builtin.TakeScreenshotKeyword$_takeScreenshot_closure1.doCall(TakeScreenshotKeyword.groovy:89)
	at com.kms.katalon.core.webui.keyword.builtin.TakeScreenshotKeyword$_takeScreenshot_closure1.call(TakeScreenshotKeyword.groovy)
	at com.kms.katalon.core.webui.keyword.internal.WebUIKeywordMain.runKeyword(WebUIKeywordMain.groovy:20)
	at com.kms.katalon.core.webui.keyword.builtin.TakeScreenshotKeyword.takeScreenshot(TakeScreenshotKeyword.groovy:88)
	at com.kms.katalon.core.webui.keyword.builtin.TakeScreenshotKeyword.execute(TakeScreenshotKeyword.groovy:71)
	at com.kms.katalon.core.keyword.internal.KeywordExecutor.executeKeywordForPlatform(KeywordExecutor.groovy:72)
	at com.kms.katalon.core.webui.keyword.WebUiBuiltInKeywords.takeScreenshot(WebUiBuiltInKeywords.groovy:2907)
	at com.kms.katalon.core.webui.keyword.WebUiBuiltInKeywords$takeScreenshot$5.call(Unknown Source)
	at Script1582316709547.run(Script1582316709547.groovy:17)
	... 13 more
)

2020-05-08 21:04:20 - [MESSAGE][FAILED] - Cannot take screenshot (Root cause: com.kms.katalon.core.exception.StepFailedException: Cannot take screenshot
	at com.kms.katalon.core.webui.keyword.internal.WebUIKeywordMain.stepFailed(WebUIKeywordMain.groovy:64)
	at com.kms.katalon.core.webui.keyword.internal.WebUIKeywordMain.runKeyword(WebUIKeywordMain.groovy:26)
	at com.kms.katalon.core.webui.keyword.builtin.TakeScreenshotKeyword.takeScreenshot(TakeScreenshotKeyword.groovy:88)
	at com.kms.katalon.core.webui.keyword.builtin.TakeScreenshotKeyword.execute(TakeScreenshotKeyword.groovy:71)
	at com.kms.katalon.core.keyword.internal.KeywordExecutor.executeKeywordForPlatform(KeywordExecutor.groovy:72)
	at com.kms.katalon.core.webui.keyword.WebUiBuiltInKeywords.takeScreenshot(WebUiBuiltInKeywords.groovy:2907)
	at com.kms.katalon.core.webui.keyword.WebUiBuiltInKeywords$takeScreenshot$5.call(Unknown Source)
	at Purchase.run(Purchase:17)
	at com.kms.katalon.core.main.ScriptEngine.run(ScriptEngine.java:194)
	at com.kms.katalon.core.main.ScriptEngine.runScriptAsRawText(ScriptEngine.java:119)
	at com.kms.katalon.core.main.TestCaseExecutor.runScript(TestCaseExecutor.java:337)
	at com.kms.katalon.core.main.TestCaseExecutor.doExecute(TestCaseExecutor.java:328)
	at com.kms.katalon.core.main.TestCaseExecutor.processExecutionPhase(TestCaseExecutor.java:307)
	at com.kms.katalon.core.main.TestCaseExecutor.accessMainPhase(TestCaseExecutor.java:299)
	at com.kms.katalon.core.main.TestCaseExecutor.execute(TestCaseExecutor.java:233)
	at com.kms.katalon.core.main.TestSuiteExecutor.accessTestCaseMainPhase(TestSuiteExecutor.java:169)
	at com.kms.katalon.core.main.TestSuiteExecutor.accessTestSuiteMainPhase(TestSuiteExecutor.java:142)
	at com.kms.katalon.core.main.TestSuiteExecutor.execute(TestSuiteExecutor.java:91)
	at com.kms.katalon.core.main.TestCaseMain.startTestSuite(TestCaseMain.java:157)
	at com.kms.katalon.core.main.TestCaseMain$startTestSuite$0.call(Unknown Source)
	at TempTestSuite1588986211488.run(TempTestSuite1588986211488.groovy:37)
Caused by: java.io.IOException: Destination 'C:\Users\admin\Downloads\KatalonProjectScreenshots' directory cannot be created
	at org.apache.commons.io.FileUtils.copyFile(FileUtils.java:1085)
	at com.kms.katalon.core.webui.util.FileUtil.takesScreenshot(FileUtil.java:31)
	at com.kms.katalon.core.webui.keyword.builtin.TakeScreenshotKeyword$_takeScreenshot_closure1.doCall(TakeScreenshotKeyword.groovy:89)
	at com.kms.katalon.core.webui.keyword.builtin.TakeScreenshotKeyword$_takeScreenshot_closure1.call(TakeScreenshotKeyword.groovy)
	at com.kms.katalon.core.webui.keyword.internal.WebUIKeywordMain.runKeyword(WebUIKeywordMain.groovy:20)
	at com.kms.katalon.core.webui.keyword.builtin.TakeScreenshotKeyword.takeScreenshot(TakeScreenshotKeyword.groovy:88)
	at com.kms.katalon.core.webui.keyword.builtin.TakeScreenshotKeyword.execute(TakeScreenshotKeyword.groovy:71)
	at com.kms.katalon.core.keyword.internal.KeywordExecutor.executeKeywordForPlatform(KeywordExecutor.groovy:72)
	at com.kms.katalon.core.webui.keyword.WebUiBuiltInKeywords.takeScreenshot(WebUiBuiltInKeywords.groovy:2907)
	at com.kms.katalon.core.webui.keyword.WebUiBuiltInKeywords$takeScreenshot$5.call(Unknown Source)
	at Script1582316709547.run(Script1582316709547.groovy:17)
	... 13 more
)
[[ATTACHMENT|C:\\Users\\tyler.diaz\\Desktop\\FirstExample\\Reports\\20200508_210331\\Test Suite Chrome\\20200508_210331\\1588986259853.png]]

2020-05-08 21:04:20 - [TEST_STEP][PASSED] - Start listener action : sampleAfterTestCase: null

2020-05-08 21:04:20 - [TEST_STEP][PASSED] - println("
..... I am inside sampleAfterTestCase function"): null]]></system-out>
         <system-err><![CDATA[2020-05-08 21:04:18 - [TEST_CASE][FAILED] - Test Cases/Purchase: Test Cases/Purchase FAILED.
Reason:
com.kms.katalon.core.exception.StepFailedException: Cannot take screenshot
	at com.kms.katalon.core.webui.keyword.internal.WebUIKeywordMain.stepFailed(WebUIKeywordMain.groovy:64)
	at com.kms.katalon.core.webui.keyword.internal.WebUIKeywordMain.runKeyword(WebUIKeywordMain.groovy:26)
	at com.kms.katalon.core.webui.keyword.builtin.TakeScreenshotKeyword.takeScreenshot(TakeScreenshotKeyword.groovy:88)
	at com.kms.katalon.core.webui.keyword.builtin.TakeScreenshotKeyword.execute(TakeScreenshotKeyword.groovy:71)
	at com.kms.katalon.core.keyword.internal.KeywordExecutor.executeKeywordForPlatform(KeywordExecutor.groovy:72)
	at com.kms.katalon.core.webui.keyword.WebUiBuiltInKeywords.takeScreenshot(WebUiBuiltInKeywords.groovy:2907)
	at com.kms.katalon.core.webui.keyword.WebUiBuiltInKeywords$takeScreenshot$5.call(Unknown Source)
	at Purchase.run(Purchase:17)
	at com.kms.katalon.core.main.ScriptEngine.run(ScriptEngine.java:194)
	at com.kms.katalon.core.main.ScriptEngine.runScriptAsRawText(ScriptEngine.java:119)
	at com.kms.katalon.core.main.TestCaseExecutor.runScript(TestCaseExecutor.java:337)
	at com.kms.katalon.core.main.TestCaseExecutor.doExecute(TestCaseExecutor.java:328)
	at com.kms.katalon.core.main.TestCaseExecutor.processExecutionPhase(TestCaseExecutor.java:307)
	at com.kms.katalon.core.main.TestCaseExecutor.accessMainPhase(TestCaseExecutor.java:299)
	at com.kms.katalon.core.main.TestCaseExecutor.execute(TestCaseExecutor.java:233)
	at com.kms.katalon.core.main.TestSuiteExecutor.accessTestCaseMainPhase(TestSuiteExecutor.java:169)
	at com.kms.katalon.core.main.TestSuiteExecutor.accessTestSuiteMainPhase(TestSuiteExecutor.java:142)
	at com.kms.katalon.core.main.TestSuiteExecutor.execute(TestSuiteExecutor.java:91)
	at com.kms.katalon.core.main.TestCaseMain.startTestSuite(TestCaseMain.java:157)
	at com.kms.katalon.core.main.TestCaseMain$startTestSuite$0.call(Unknown Source)
	at TempTestSuite1588986211488.run(TempTestSuite1588986211488.groovy:37)
Caused by: java.io.IOException: Destination 'C:\Users\admin\Downloads\KatalonProjectScreenshots' directory cannot be created
	at org.apache.commons.io.FileUtils.copyFile(FileUtils.java:1085)
	at com.kms.katalon.core.webui.util.FileUtil.takesScreenshot(FileUtil.java:31)
	at com.kms.katalon.core.webui.keyword.builtin.TakeScreenshotKeyword$_takeScreenshot_closure1.doCall(TakeScreenshotKeyword.groovy:89)
	at com.kms.katalon.core.webui.keyword.builtin.TakeScreenshotKeyword$_takeScreenshot_closure1.call(TakeScreenshotKeyword.groovy)
	at com.kms.katalon.core.webui.keyword.internal.WebUIKeywordMain.runKeyword(WebUIKeywordMain.groovy:20)
	... 19 more]]></system-err>
      </testcase>
      <system-out><![CDATA[2020-05-08 21:03:33 - [TEST_SUITE][FAILED] - Test Suite Chrome: Test Cases/Purchase FAILED.
Reason:
com.kms.katalon.core.exception.StepFailedException: Cannot take screenshot
	at com.kms.katalon.core.webui.keyword.internal.WebUIKeywordMain.stepFailed(WebUIKeywordMain.groovy:64)
	at com.kms.katalon.core.webui.keyword.internal.WebUIKeywordMain.runKeyword(WebUIKeywordMain.groovy:26)
	at com.kms.katalon.core.webui.keyword.builtin.TakeScreenshotKeyword.takeScreenshot(TakeScreenshotKeyword.groovy:88)
	at com.kms.katalon.core.webui.keyword.builtin.TakeScreenshotKeyword.execute(TakeScreenshotKeyword.groovy:71)
	at com.kms.katalon.core.keyword.internal.KeywordExecutor.executeKeywordForPlatform(KeywordExecutor.groovy:72)
	at com.kms.katalon.core.webui.keyword.WebUiBuiltInKeywords.takeScreenshot(WebUiBuiltInKeywords.groovy:2907)
	at com.kms.katalon.core.webui.keyword.WebUiBuiltInKeywords$takeScreenshot$5.call(Unknown Source)
	at Purchase.run(Purchase:17)
	at com.kms.katalon.core.main.ScriptEngine.run(ScriptEngine.java:194)
	at com.kms.katalon.core.main.ScriptEngine.runScriptAsRawText(ScriptEngine.java:119)
	at com.kms.katalon.core.main.TestCaseExecutor.runScript(TestCaseExecutor.java:337)
	at com.kms.katalon.core.main.TestCaseExecutor.doExecute(TestCaseExecutor.java:328)
	at com.kms.katalon.core.main.TestCaseExecutor.processExecutionPhase(TestCaseExecutor.java:307)
	at com.kms.katalon.core.main.TestCaseExecutor.accessMainPhase(TestCaseExecutor.java:299)
	at com.kms.katalon.core.main.TestCaseExecutor.execute(TestCaseExecutor.java:233)
	at com.kms.katalon.core.main.TestSuiteExecutor.accessTestCaseMainPhase(TestSuiteExecutor.java:169)
	at com.kms.katalon.core.main.TestSuiteExecutor.accessTestSuiteMainPhase(TestSuiteExecutor.java:142)
	at com.kms.katalon.core.main.TestSuiteExecutor.execute(TestSuiteExecutor.java:91)
	at com.kms.katalon.core.main.TestCaseMain.startTestSuite(TestCaseMain.java:157)
	at com.kms.katalon.core.main.TestCaseMain$startTestSuite$0.call(Unknown Source)
	at TempTestSuite1588986211488.run(TempTestSuite1588986211488.groovy:37)
Caused by: java.io.IOException: Destination 'C:\Users\admin\Downloads\KatalonProjectScreenshots' directory cannot be created
	at org.apache.commons.io.FileUtils.copyFile(FileUtils.java:1085)
	at com.kms.katalon.core.webui.util.FileUtil.takesScreenshot(FileUtil.java:31)
	at com.kms.katalon.core.webui.keyword.builtin.TakeScreenshotKeyword$_takeScreenshot_closure1.doCall(TakeScreenshotKeyword.groovy:89)
	at com.kms.katalon.core.webui.keyword.builtin.TakeScreenshotKeyword$_takeScreenshot_closure1.call(TakeScreenshotKeyword.groovy)
	at com.kms.katalon.core.webui.keyword.internal.WebUIKeywordMain.runKeyword(WebUIKeywordMain.groovy:20)
	... 19 more]]></system-out>
      <system-err><![CDATA[2020-05-08 21:03:33 - [TEST_SUITE][FAILED] - Test Suite Chrome: Test Cases/Purchase FAILED.
Reason:
com.kms.katalon.core.exception.StepFailedException: Cannot take screenshot
	at com.kms.katalon.core.webui.keyword.internal.WebUIKeywordMain.stepFailed(WebUIKeywordMain.groovy:64)
	at com.kms.katalon.core.webui.keyword.internal.WebUIKeywordMain.runKeyword(WebUIKeywordMain.groovy:26)
	at com.kms.katalon.core.webui.keyword.builtin.TakeScreenshotKeyword.takeScreenshot(TakeScreenshotKeyword.groovy:88)
	at com.kms.katalon.core.webui.keyword.builtin.TakeScreenshotKeyword.execute(TakeScreenshotKeyword.groovy:71)
	at com.kms.katalon.core.keyword.internal.KeywordExecutor.executeKeywordForPlatform(KeywordExecutor.groovy:72)
	at com.kms.katalon.core.webui.keyword.WebUiBuiltInKeywords.takeScreenshot(WebUiBuiltInKeywords.groovy:2907)
	at com.kms.katalon.core.webui.keyword.WebUiBuiltInKeywords$takeScreenshot$5.call(Unknown Source)
	at Purchase.run(Purchase:17)
	at com.kms.katalon.core.main.ScriptEngine.run(ScriptEngine.java:194)
	at com.kms.katalon.core.main.ScriptEngine.runScriptAsRawText(ScriptEngine.java:119)
	at com.kms.katalon.core.main.TestCaseExecutor.runScript(TestCaseExecutor.java:337)
	at com.kms.katalon.core.main.TestCaseExecutor.doExecute(TestCaseExecutor.java:328)
	at com.kms.katalon.core.main.TestCaseExecutor.processExecutionPhase(TestCaseExecutor.java:307)
	at com.kms.katalon.core.main.TestCaseExecutor.accessMainPhase(TestCaseExecutor.java:299)
	at com.kms.katalon.core.main.TestCaseExecutor.execute(TestCaseExecutor.java:233)
	at com.kms.katalon.core.main.TestSuiteExecutor.accessTestCaseMainPhase(TestSuiteExecutor.java:169)
	at com.kms.katalon.core.main.TestSuiteExecutor.accessTestSuiteMainPhase(TestSuiteExecutor.java:142)
	at com.kms.katalon.core.main.TestSuiteExecutor.execute(TestSuiteExecutor.java:91)
	at com.kms.katalon.core.main.TestCaseMain.startTestSuite(TestCaseMain.java:157)
	at com.kms.katalon.core.main.TestCaseMain$startTestSuite$0.call(Unknown Source)
	at TempTestSuite1588986211488.run(TempTestSuite1588986211488.groovy:37)
Caused by: java.io.IOException: Destination 'C:\Users\admin\Downloads\KatalonProjectScreenshots' directory cannot be created
	at org.apache.commons.io.FileUtils.copyFile(FileUtils.java:1085)
	at com.kms.katalon.core.webui.util.FileUtil.takesScreenshot(FileUtil.java:31)
	at com.kms.katalon.core.webui.keyword.builtin.TakeScreenshotKeyword$_takeScreenshot_closure1.doCall(TakeScreenshotKeyword.groovy:89)
	at com.kms.katalon.core.webui.keyword.builtin.TakeScreenshotKeyword$_takeScreenshot_closure1.call(TakeScreenshotKeyword.groovy)
	at com.kms.katalon.core.webui.keyword.internal.WebUIKeywordMain.runKeyword(WebUIKeywordMain.groovy:20)
	... 19 more]]></system-err>
   </testsuite>
</testsuites>
